[33m❯[39m Building...
[32m✔[39m Building...
Application bundle generation failed. [5.011 seconds]

[1m[33m[33m▲ [43;33m[[43;30mWARNING[43;33m][0m [1mDeprecation[0m [1m[35m[plugin angular-sass][0m

    src/app/pages/admin/banners/banners.component.scss:1:8:
[37m      1 │ @import [32m[37m"../products/products.component.scss";
        ╵         [32m^[0m


  Sass @import rules are deprecated and will be removed in Dart Sass 3.0.0.
  
  More info and automated migrator: [4mhttps://sass-lang.com/d/import[0m


[33m▲ [43;33m[[43;30mWARNING[43;33m][0m [1mDeprecation[0m [1m[35m[plugin angular-sass][0m

    src/app/pages/admin/brands/brands.component.scss:1:8:
[37m      1 │ @import [32m[37m"../products/products.component.scss";
        ╵         [32m^[0m


  Sass @import rules are deprecated and will be removed in Dart Sass 3.0.0.
  
  More info and automated migrator: [4mhttps://sass-lang.com/d/import[0m


[33m▲ [43;33m[[43;30mWARNING[43;33m][0m [1mDeprecation[0m [1m[35m[plugin angular-sass][0m

    src/app/pages/admin/categories/categories.component.scss:1:8:
[37m      1 │ @import [32m[37m"../products/products.component.scss";
        ╵         [32m^[0m


  Sass @import rules are deprecated and will be removed in Dart Sass 3.0.0.
  
  More info and automated migrator: [4mhttps://sass-lang.com/d/import[0m


[33m▲ [43;33m[[43;30mWARNING[43;33m][0m [1mDeprecation[0m [1m[35m[plugin angular-sass][0m

    src/app/pages/admin/orders/orders.component.scss:1:8:
[37m      1 │ @import [32m[37m"../products/products.component.scss";
        ╵         [32m^[0m


  Sass @import rules are deprecated and will be removed in Dart Sass 3.0.0.
  
  More info and automated migrator: [4mhttps://sass-lang.com/d/import[0m

[39m[22m
[1m[31m[31mX [41;31m[[41;97mERROR[41;31m][0m [1mNG9: Property 'onSearch' does not exist on type 'HomeComponent'.[0m [1m[35m[plugin angular-compiler][0m

    src/app/pages/home/home.component.html:49:31:
[37m      49 │               (keydown.enter)="[32monSearch[37m(homeSearch)"
         ╵                                [32m~~~~~~~~[0m

  Error occurs in the template of component HomeComponent.

    src/app/pages/home/home.component.ts:23:15:
[37m      23 │   templateUrl: [32m'./home.component.html'[37m,
         ╵                [32m~~~~~~~~~~~~~~~~~~~~~~~[0m

[39m[22m
